{"C:\\Users\\s541903\\OneDrive\\Documents\\Featured-Location\\ui\\babel.config.js": {"path":"C:\\Users\\s541903\\OneDrive\\Documents\\Featured-Location\\ui\\babel.config.js","statementMap":{"0":{"start":{"line":1,"column":0},"end":{"line":5,"column":1}}},"fnMap":{},"branchMap":{},"s":{"0":0},"f":{},"b":{},"hash":"1fd90cde560e3220c21e0a3ab3f9105fc7e0d5a8"}
,"C:\\Users\\s541903\\OneDrive\\Documents\\Featured-Location\\ui\\jest.config.js": {"path":"C:\\Users\\s541903\\OneDrive\\Documents\\Featured-Location\\ui\\jest.config.js","statementMap":{"0":{"start":{"line":1,"column":0},"end":{"line":9,"column":1}}},"fnMap":{},"branchMap":{},"s":{"0":0},"f":{},"b":{},"hash":"b7003292080356914fb52a4c6351b04e1d42bb7a"}
,"C:\\Users\\s541903\\OneDrive\\Documents\\Featured-Location\\ui\\vue.config.js": {"path":"C:\\Users\\s541903\\OneDrive\\Documents\\Featured-Location\\ui\\vue.config.js","statementMap":{"0":{"start":{"line":1,"column":13},"end":{"line":1,"column":28}},"1":{"start":{"line":3,"column":0},"end":{"line":12,"column":2}}},"fnMap":{},"branchMap":{},"s":{"0":0,"1":0},"f":{},"b":{},"hash":"2342b722f698f1cbe3607f6684d3cc1ddb386098"}
,"C:\\Users\\s541903\\OneDrive\\Documents\\Featured-Location\\ui\\src\\App.vue": {"path":"C:\\Users\\s541903\\OneDrive\\Documents\\Featured-Location\\ui\\src\\App.vue","statementMap":{"0":{"start":{"line":10,"column":0},"end":{"line":10,"column":null}},"1":{"start":{"line":11,"column":0},"end":{"line":11,"column":null}},"2":{"start":{"line":12,"column":15},"end":{"line":12,"column":null}}},"fnMap":{},"branchMap":{},"s":{"0":0,"1":0,"2":0},"f":{},"b":{}}
,"C:\\Users\\s541903\\OneDrive\\Documents\\Featured-Location\\ui\\src\\LocationService.js": {"path":"C:\\Users\\s541903\\OneDrive\\Documents\\Featured-Location\\ui\\src\\LocationService.js","statementMap":{"0":{"start":{"line":4,"column":12},"end":{"line":4,"column":27}},"1":{"start":{"line":10,"column":20},"end":{"line":12,"column":12}},"2":{"start":{"line":11,"column":12},"end":{"line":11,"column":53}},"3":{"start":{"line":11,"column":29},"end":{"line":11,"column":52}},"4":{"start":{"line":14,"column":23},"end":{"line":14,"column":32}},"5":{"start":{"line":16,"column":10},"end":{"line":16,"column":28}},"6":{"start":{"line":18,"column":10},"end":{"line":18,"column":22}},"7":{"start":{"line":24,"column":8},"end":{"line":24,"column":33}}},"fnMap":{"0":{"name":"(anonymous_0)","decl":{"start":{"line":8,"column":4},"end":{"line":8,"column":5}},"loc":{"start":{"line":8,"column":32},"end":{"line":19,"column":7}},"line":8},"1":{"name":"(anonymous_1)","decl":{"start":{"line":10,"column":32},"end":{"line":10,"column":33}},"loc":{"start":{"line":10,"column":45},"end":{"line":12,"column":11}},"line":10},"2":{"name":"(anonymous_2)","decl":{"start":{"line":11,"column":23},"end":{"line":11,"column":24}},"loc":{"start":{"line":11,"column":29},"end":{"line":11,"column":52}},"line":11},"3":{"name":"(anonymous_3)","decl":{"start":{"line":22,"column":6},"end":{"line":22,"column":7}},"loc":{"start":{"line":22,"column":42},"end":{"line":26,"column":5}},"line":22}},"branchMap":{},"s":{"0":1,"1":1,"2":1,"3":0,"4":1,"5":0,"6":0,"7":0},"f":{"0":1,"1":1,"2":0,"3":0},"b":{},"_coverageSchema":"43e27e138ebf9cfc5966b082cf9a028302ed4184","hash":"12ec4bf43bab91e7c8cffadc801b6e2b28b61b8a"}
,"C:\\Users\\s541903\\OneDrive\\Documents\\Featured-Location\\ui\\src\\UserService.js": {"path":"C:\\Users\\s541903\\OneDrive\\Documents\\Featured-Location\\ui\\src\\UserService.js","statementMap":{"0":{"start":{"line":4,"column":12},"end":{"line":4,"column":23}},"1":{"start":{"line":10,"column":20},"end":{"line":12,"column":12}},"2":{"start":{"line":11,"column":12},"end":{"line":11,"column":53}},"3":{"start":{"line":11,"column":29},"end":{"line":11,"column":52}},"4":{"start":{"line":14,"column":23},"end":{"line":14,"column":32}},"5":{"start":{"line":16,"column":10},"end":{"line":16,"column":28}},"6":{"start":{"line":18,"column":10},"end":{"line":18,"column":22}},"7":{"start":{"line":23,"column":8},"end":{"line":25,"column":10}}},"fnMap":{"0":{"name":"(anonymous_0)","decl":{"start":{"line":8,"column":4},"end":{"line":8,"column":5}},"loc":{"start":{"line":8,"column":28},"end":{"line":19,"column":7}},"line":8},"1":{"name":"(anonymous_1)","decl":{"start":{"line":10,"column":32},"end":{"line":10,"column":33}},"loc":{"start":{"line":10,"column":45},"end":{"line":12,"column":11}},"line":10},"2":{"name":"(anonymous_2)","decl":{"start":{"line":11,"column":23},"end":{"line":11,"column":24}},"loc":{"start":{"line":11,"column":29},"end":{"line":11,"column":52}},"line":11},"3":{"name":"(anonymous_3)","decl":{"start":{"line":21,"column":4},"end":{"line":21,"column":5}},"loc":{"start":{"line":21,"column":53},"end":{"line":28,"column":5}},"line":21}},"branchMap":{},"s":{"0":1,"1":0,"2":0,"3":0,"4":0,"5":0,"6":0,"7":0},"f":{"0":0,"1":0,"2":0,"3":0},"b":{},"_coverageSchema":"43e27e138ebf9cfc5966b082cf9a028302ed4184","hash":"47bfb3154714aff747c05a8b4ea1f7f2b740f0c6"}
,"C:\\Users\\s541903\\OneDrive\\Documents\\Featured-Location\\ui\\src\\main.js": {"path":"C:\\Users\\s541903\\OneDrive\\Documents\\Featured-Location\\ui\\src\\main.js","statementMap":{"0":{"start":{"line":8,"column":12},"end":{"line":8,"column":26}},"1":{"start":{"line":10,"column":0},"end":{"line":13,"column":5}},"2":{"start":{"line":16,"column":0},"end":{"line":16,"column":40}}},"fnMap":{},"branchMap":{},"s":{"0":0,"1":0,"2":0},"f":{},"b":{},"hash":"8c665d2d91bfcfcdc7c8f841389effeb79505a52"}
,"C:\\Users\\s541903\\OneDrive\\Documents\\Featured-Location\\ui\\src\\auth\\authGuard.js": {"path":"C:\\Users\\s541903\\OneDrive\\Documents\\Featured-Location\\ui\\src\\auth\\authGuard.js","statementMap":{"0":{"start":{"line":2,"column":4},"end":{"line":2,"column":36}},"1":{"start":{"line":3,"column":22},"end":{"line":3,"column":39}},"2":{"start":{"line":6,"column":4},"end":{"line":8,"column":5}},"3":{"start":{"line":7,"column":6},"end":{"line":7,"column":20}},"4":{"start":{"line":11,"column":4},"end":{"line":11,"column":35}}},"fnMap":{"0":{"name":"(anonymous_0)","decl":{"start":{"line":1,"column":27},"end":{"line":1,"column":28}},"loc":{"start":{"line":1,"column":53},"end":{"line":12,"column":3}},"line":1}},"branchMap":{"0":{"loc":{"start":{"line":6,"column":4},"end":{"line":8,"column":5}},"type":"if","locations":[{"start":{"line":6,"column":4},"end":{"line":8,"column":5}},{"start":{"line":6,"column":4},"end":{"line":8,"column":5}}],"line":6}},"s":{"0":0,"1":0,"2":0,"3":0,"4":0},"f":{"0":0},"b":{"0":[0,0]},"hash":"abf3f4fec924443d23b6dbcb3d3512609fbc189a"}
,"C:\\Users\\s541903\\OneDrive\\Documents\\Featured-Location\\ui\\src\\components\\Header.vue": {"path":"C:\\Users\\s541903\\OneDrive\\Documents\\Featured-Location\\ui\\src\\components\\Header.vue","statementMap":{"0":{"start":{"line":47,"column":0},"end":{"line":47,"column":null}},"1":{"start":{"line":48,"column":0},"end":{"line":48,"column":null}},"2":{"start":{"line":49,"column":15},"end":{"line":49,"column":null}},"3":{"start":{"line":52,"column":4},"end":{"line":52,"column":11}},"4":{"start":{"line":60,"column":4},"end":{"line":60,"column":9}},"5":{"start":{"line":62,"column":4},"end":{"line":62,"column":9}},"6":{"start":{"line":64,"column":4},"end":{"line":68,"column":null}},"7":{"start":{"line":65,"column":6},"end":{"line":65,"column":11}},"8":{"start":{"line":67,"column":6},"end":{"line":67,"column":11}},"9":{"start":{"line":70,"column":4},"end":{"line":70,"column":9}},"10":{"start":{"line":72,"column":4},"end":{"line":72,"column":11}},"11":{"start":{"line":73,"column":4},"end":{"line":73,"column":11}},"12":{"start":{"line":74,"column":4},"end":{"line":74,"column":11}},"13":{"start":{"line":84,"column":6},"end":{"line":88,"column":null}},"14":{"start":{"line":85,"column":6},"end":{"line":85,"column":12}},"15":{"start":{"line":87,"column":8},"end":{"line":87,"column":14}},"16":{"start":{"line":90,"column":6},"end":{"line":90,"column":11}},"17":{"start":{"line":92,"column":6},"end":{"line":92,"column":13}},"18":{"start":{"line":94,"column":6},"end":{"line":98,"column":null}},"19":{"start":{"line":95,"column":8},"end":{"line":95,"column":13}},"20":{"start":{"line":97,"column":8},"end":{"line":97,"column":13}},"21":{"start":{"line":102,"column":6},"end":{"line":102,"column":12}},"22":{"start":{"line":104,"column":6},"end":{"line":104,"column":11}},"23":{"start":{"line":106,"column":6},"end":{"line":110,"column":null}},"24":{"start":{"line":107,"column":8},"end":{"line":107,"column":13}},"25":{"start":{"line":109,"column":8},"end":{"line":109,"column":13}}},"fnMap":{"0":{"name":"(anonymous_0)","decl":{"start":{"line":51,"column":2},"end":{"line":51,"column":6}},"loc":{"start":{"line":51,"column":9},"end":{"line":58,"column":null}}},"1":{"name":"(anonymous_1)","decl":{"start":{"line":59,"column":2},"end":{"line":59,"column":8}},"loc":{"start":{"line":59,"column":18},"end":{"line":75,"column":null}}},"2":{"name":"(anonymous_2)","decl":{"start":{"line":83,"column":4},"end":{"line":83,"column":10}},"loc":{"start":{"line":83,"column":18},"end":{"line":99,"column":null}}},"3":{"name":"(anonymous_3)","decl":{"start":{"line":101,"column":4},"end":{"line":101,"column":10}},"loc":{"start":{"line":101,"column":19},"end":{"line":111,"column":null}}}},"branchMap":{"0":{"loc":{"start":{"line":64,"column":4},"end":{"line":68,"column":null}},"type":"if","locations":[{"start":{"line":64,"column":4},"end":{"line":68,"column":null}},{"start":{"line":64,"column":4},"end":{"line":68,"column":null}}]},"1":{"loc":{"start":{"line":94,"column":6},"end":{"line":98,"column":null}},"type":"if","locations":[{"start":{"line":94,"column":6},"end":{"line":98,"column":null}},{"start":{"line":94,"column":6},"end":{"line":98,"column":null}}]},"2":{"loc":{"start":{"line":106,"column":6},"end":{"line":110,"column":null}},"type":"if","locations":[{"start":{"line":106,"column":6},"end":{"line":110,"column":null}},{"start":{"line":106,"column":6},"end":{"line":110,"column":null}}]}},"s":{"0":0,"1":0,"2":0,"3":0,"4":0,"5":0,"6":0,"7":0,"8":0,"9":0,"10":0,"11":0,"12":0,"13":0,"14":0,"15":0,"16":0,"17":0,"18":0,"19":0,"20":0,"21":0,"22":0,"23":0,"24":0,"25":0},"f":{"0":0,"1":0,"2":0,"3":0},"b":{"0":[0,0],"1":[0,0],"2":[0,0]}}
,"C:\\Users\\s541903\\OneDrive\\Documents\\Featured-Location\\ui\\src\\components\\SingleList.vue": {"path":"C:\\Users\\s541903\\OneDrive\\Documents\\Featured-Location\\ui\\src\\components\\SingleList.vue","statementMap":{"0":{"start":{"line":12,"column":15},"end":{"line":12,"column":null}}},"fnMap":{},"branchMap":{},"s":{"0":1},"f":{},"b":{}}
,"C:\\Users\\s541903\\OneDrive\\Documents\\Featured-Location\\ui\\src\\router\\index.js": {"path":"C:\\Users\\s541903\\OneDrive\\Documents\\Featured-Location\\ui\\src\\router\\index.js","statementMap":{"0":{"start":{"line":8,"column":15},"end":{"line":34,"column":5}},"1":{"start":{"line":35,"column":19},"end":{"line":38,"column":8}}},"fnMap":{},"branchMap":{},"s":{"0":1,"1":1},"f":{},"b":{},"_coverageSchema":"43e27e138ebf9cfc5966b082cf9a028302ed4184","hash":"f8441584193f800b321bcdb51b7f35faada6c8dd"}
,"C:\\Users\\s541903\\OneDrive\\Documents\\Featured-Location\\ui\\src\\store\\store.js": {"path":"C:\\Users\\s541903\\OneDrive\\Documents\\Featured-Location\\ui\\src\\store\\store.js","statementMap":{"0":{"start":{"line":7,"column":4},"end":{"line":10,"column":5}},"1":{"start":{"line":14,"column":10},"end":{"line":14,"column":29}},"2":{"start":{"line":17,"column":6},"end":{"line":17,"column":27}},"3":{"start":{"line":22,"column":9},"end":{"line":22,"column":27}},"4":{"start":{"line":25,"column":10},"end":{"line":25,"column":50}}},"fnMap":{"0":{"name":"(anonymous_0)","decl":{"start":{"line":6,"column":2},"end":{"line":6,"column":3}},"loc":{"start":{"line":6,"column":11},"end":{"line":11,"column":3}},"line":6},"1":{"name":"(anonymous_1)","decl":{"start":{"line":13,"column":6},"end":{"line":13,"column":7}},"loc":{"start":{"line":13,"column":30},"end":{"line":15,"column":7}},"line":13},"2":{"name":"(anonymous_2)","decl":{"start":{"line":16,"column":4},"end":{"line":16,"column":5}},"loc":{"start":{"line":16,"column":30},"end":{"line":18,"column":5}},"line":16},"3":{"name":"(anonymous_3)","decl":{"start":{"line":21,"column":6},"end":{"line":21,"column":7}},"loc":{"start":{"line":21,"column":23},"end":{"line":23,"column":7}},"line":21},"4":{"name":"(anonymous_4)","decl":{"start":{"line":24,"column":6},"end":{"line":24,"column":7}},"loc":{"start":{"line":24,"column":26},"end":{"line":26,"column":7}},"line":24}},"branchMap":{"0":{"loc":{"start":{"line":25,"column":17},"end":{"line":25,"column":50}},"type":"cond-expr","locations":[{"start":{"line":25,"column":38},"end":{"line":25,"column":43}},{"start":{"line":25,"column":46},"end":{"line":25,"column":50}}],"line":25}},"s":{"0":0,"1":0,"2":0,"3":0,"4":0},"f":{"0":0,"1":0,"2":0,"3":0,"4":0},"b":{"0":[0,0]},"hash":"dc1e3d46fcc6196afe20206f9f8683a9a23ac825"}
,"C:\\Users\\s541903\\OneDrive\\Documents\\Featured-Location\\ui\\src\\views\\AddLocation.vue": {"path":"C:\\Users\\s541903\\OneDrive\\Documents\\Featured-Location\\ui\\src\\views\\AddLocation.vue","statementMap":{"0":{"start":{"line":78,"column":0},"end":{"line":78,"column":null}},"1":{"start":{"line":79,"column":0},"end":{"line":79,"column":null}},"2":{"start":{"line":81,"column":15},"end":{"line":81,"column":null}},"3":{"start":{"line":84,"column":4},"end":{"line":84,"column":11}},"4":{"start":{"line":93,"column":6},"end":{"line":93,"column":12}},"5":{"start":{"line":94,"column":6},"end":{"line":94,"column":13}}},"fnMap":{"0":{"name":"(anonymous_0)","decl":{"start":{"line":83,"column":2},"end":{"line":83,"column":6}},"loc":{"start":{"line":83,"column":9},"end":{"line":90,"column":null}}},"1":{"name":"(anonymous_1)","decl":{"start":{"line":92,"column":4},"end":{"line":92,"column":10}},"loc":{"start":{"line":92,"column":19},"end":{"line":95,"column":null}}}},"branchMap":{},"s":{"0":1,"1":1,"2":1,"3":0,"4":0,"5":0},"f":{"0":0,"1":0},"b":{}}
,"C:\\Users\\s541903\\OneDrive\\Documents\\Featured-Location\\ui\\src\\views\\AllLocations.vue": {"path":"C:\\Users\\s541903\\OneDrive\\Documents\\Featured-Location\\ui\\src\\views\\AllLocations.vue","statementMap":{"0":{"start":{"line":10,"column":0},"end":{"line":10,"column":null}},"1":{"start":{"line":11,"column":0},"end":{"line":11,"column":null}},"2":{"start":{"line":12,"column":0},"end":{"line":12,"column":null}},"3":{"start":{"line":13,"column":15},"end":{"line":13,"column":null}},"4":{"start":{"line":17,"column":4},"end":{"line":17,"column":11}},"5":{"start":{"line":30,"column":17},"end":{"line":30,"column":null}},"6":{"start":{"line":31,"column":4},"end":{"line":37,"column":null}},"7":{"start":{"line":32,"column":6},"end":{"line":32,"column":12}},"8":{"start":{"line":33,"column":6},"end":{"line":33,"column":12}},"9":{"start":{"line":34,"column":6},"end":{"line":34,"column":13}},"10":{"start":{"line":36,"column":6},"end":{"line":36,"column":13}},"11":{"start":{"line":39,"column":4},"end":{"line":42,"column":null}},"12":{"start":{"line":39,"column":17},"end":{"line":39,"column":20}},"13":{"start":{"line":40,"column":6},"end":{"line":40,"column":11}},"14":{"start":{"line":41,"column":6},"end":{"line":41,"column":13}},"15":{"start":{"line":47,"column":6},"end":{"line":47,"column":13}}},"fnMap":{"0":{"name":"(anonymous_0)","decl":{"start":{"line":16,"column":2},"end":{"line":16,"column":6}},"loc":{"start":{"line":16,"column":9},"end":{"line":27,"column":null}}},"1":{"name":"(anonymous_1)","decl":{"start":{"line":29,"column":2},"end":{"line":29,"column":8}},"loc":{"start":{"line":29,"column":18},"end":{"line":43,"column":null}}},"2":{"name":"(anonymous_2)","decl":{"start":{"line":46,"column":4},"end":{"line":46,"column":10}},"loc":{"start":{"line":46,"column":21},"end":{"line":48,"column":null}}}},"branchMap":{},"s":{"0":1,"1":1,"2":1,"3":1,"4":1,"5":1,"6":1,"7":1,"8":0,"9":0,"10":0,"11":0,"12":0,"13":0,"14":0,"15":0},"f":{"0":1,"1":1,"2":0},"b":{}}
,"C:\\Users\\s541903\\OneDrive\\Documents\\Featured-Location\\ui\\src\\views\\LocationCard.vue": {"path":"C:\\Users\\s541903\\OneDrive\\Documents\\Featured-Location\\ui\\src\\views\\LocationCard.vue","statementMap":{"0":{"start":{"line":37,"column":15},"end":{"line":37,"column":null}},"1":{"start":{"line":40,"column":4},"end":{"line":40,"column":11}},"2":{"start":{"line":47,"column":6},"end":{"line":47,"column":11}}},"fnMap":{"0":{"name":"(anonymous_0)","decl":{"start":{"line":39,"column":2},"end":{"line":39,"column":6}},"loc":{"start":{"line":39,"column":9},"end":{"line":44,"column":null}}},"1":{"name":"(anonymous_1)","decl":{"start":{"line":46,"column":4},"end":{"line":46,"column":14}},"loc":{"start":{"line":46,"column":17},"end":{"line":48,"column":null}}}},"branchMap":{},"s":{"0":1,"1":0,"2":0},"f":{"0":0,"1":0},"b":{}}
,"C:\\Users\\s541903\\OneDrive\\Documents\\Featured-Location\\ui\\src\\views\\Login.vue": {"path":"C:\\Users\\s541903\\OneDrive\\Documents\\Featured-Location\\ui\\src\\views\\Login.vue","statementMap":{"0":{"start":{"line":42,"column":0},"end":{"line":42,"column":null}},"1":{"start":{"line":43,"column":0},"end":{"line":43,"column":null}},"2":{"start":{"line":45,"column":15},"end":{"line":45,"column":null}},"3":{"start":{"line":48,"column":4},"end":{"line":48,"column":11}},"4":{"start":{"line":55,"column":6},"end":{"line":55,"column":13}},"5":{"start":{"line":56,"column":18},"end":{"line":56,"column":null}},"6":{"start":{"line":57,"column":18},"end":{"line":57,"column":null}},"7":{"start":{"line":59,"column":6},"end":{"line":65,"column":null}},"8":{"start":{"line":60,"column":8},"end":{"line":60,"column":13}},"9":{"start":{"line":61,"column":8},"end":{"line":61,"column":13}},"10":{"start":{"line":62,"column":8},"end":{"line":62,"column":15}},"11":{"start":{"line":64,"column":8},"end":{"line":64,"column":14}},"12":{"start":{"line":67,"column":6},"end":{"line":75,"column":null}},"13":{"start":{"line":67,"column":19},"end":{"line":67,"column":22}},"14":{"start":{"line":68,"column":8},"end":{"line":74,"column":null}},"15":{"start":{"line":72,"column":10},"end":{"line":72,"column":15}},"16":{"start":{"line":73,"column":10},"end":{"line":73,"column":null}},"17":{"start":{"line":77,"column":6},"end":{"line":80,"column":null}},"18":{"start":{"line":77,"column":18},"end":{"line":77,"column":24}},"19":{"start":{"line":79,"column":8},"end":{"line":79,"column":15}}},"fnMap":{"0":{"name":"(anonymous_0)","decl":{"start":{"line":47,"column":2},"end":{"line":47,"column":6}},"loc":{"start":{"line":47,"column":9},"end":{"line":52,"column":null}}},"1":{"name":"(anonymous_1)","decl":{"start":{"line":54,"column":4},"end":{"line":54,"column":10}},"loc":{"start":{"line":54,"column":19},"end":{"line":81,"column":null}}}},"branchMap":{"0":{"loc":{"start":{"line":68,"column":8},"end":{"line":74,"column":null}},"type":"if","locations":[{"start":{"line":68,"column":8},"end":{"line":74,"column":null}},{"start":{"line":68,"column":8},"end":{"line":74,"column":null}}]},"1":{"loc":{"start":{"line":69,"column":10},"end":{"line":69,"column":null}},"type":"binary-expr","locations":[{"start":{"line":69,"column":10},"end":{"line":69,"column":null}},{"start":{"line":70,"column":10},"end":{"line":70,"column":null}}]},"2":{"loc":{"start":{"line":77,"column":6},"end":{"line":80,"column":null}},"type":"if","locations":[{"start":{"line":77,"column":6},"end":{"line":80,"column":null}},{"start":{"line":77,"column":6},"end":{"line":80,"column":null}}]}},"s":{"0":1,"1":1,"2":1,"3":0,"4":0,"5":0,"6":0,"7":0,"8":0,"9":0,"10":0,"11":0,"12":0,"13":0,"14":0,"15":0,"16":0,"17":0,"18":0,"19":0},"f":{"0":0,"1":0},"b":{"0":[0,0],"1":[0,0],"2":[0,0]}}
,"C:\\Users\\s541903\\OneDrive\\Documents\\Featured-Location\\ui\\src\\views\\SignUp.vue": {"path":"C:\\Users\\s541903\\OneDrive\\Documents\\Featured-Location\\ui\\src\\views\\SignUp.vue","statementMap":{"0":{"start":{"line":52,"column":0},"end":{"line":52,"column":null}},"1":{"start":{"line":53,"column":0},"end":{"line":53,"column":null}},"2":{"start":{"line":55,"column":15},"end":{"line":55,"column":null}},"3":{"start":{"line":58,"column":4},"end":{"line":58,"column":11}},"4":{"start":{"line":66,"column":6},"end":{"line":66,"column":13}},"5":{"start":{"line":67,"column":18},"end":{"line":67,"column":null}},"6":{"start":{"line":68,"column":22},"end":{"line":68,"column":null}},"7":{"start":{"line":70,"column":6},"end":{"line":76,"column":null}},"8":{"start":{"line":71,"column":8},"end":{"line":71,"column":13}},"9":{"start":{"line":72,"column":8},"end":{"line":72,"column":13}},"10":{"start":{"line":73,"column":8},"end":{"line":73,"column":15}},"11":{"start":{"line":75,"column":8},"end":{"line":75,"column":14}},"12":{"start":{"line":78,"column":6},"end":{"line":78,"column":13}},"13":{"start":{"line":80,"column":6},"end":{"line":89,"column":null}},"14":{"start":{"line":80,"column":19},"end":{"line":80,"column":22}},"15":{"start":{"line":81,"column":8},"end":{"line":81,"column":15}},"16":{"start":{"line":82,"column":8},"end":{"line":88,"column":null}},"17":{"start":{"line":86,"column":10},"end":{"line":86,"column":19}},"18":{"start":{"line":87,"column":10},"end":{"line":87,"column":null}},"19":{"start":{"line":91,"column":6},"end":{"line":96,"column":null}},"20":{"start":{"line":91,"column":21},"end":{"line":91,"column":27}},"21":{"start":{"line":93,"column":8},"end":{"line":93,"column":14}},"22":{"start":{"line":94,"column":8},"end":{"line":94,"column":14}},"23":{"start":{"line":95,"column":8},"end":{"line":95,"column":15}}},"fnMap":{"0":{"name":"(anonymous_0)","decl":{"start":{"line":57,"column":2},"end":{"line":57,"column":6}},"loc":{"start":{"line":57,"column":9},"end":{"line":63,"column":null}}},"1":{"name":"(anonymous_1)","decl":{"start":{"line":65,"column":4},"end":{"line":65,"column":10}},"loc":{"start":{"line":65,"column":19},"end":{"line":97,"column":null}}}},"branchMap":{"0":{"loc":{"start":{"line":82,"column":8},"end":{"line":88,"column":null}},"type":"if","locations":[{"start":{"line":82,"column":8},"end":{"line":88,"column":null}},{"start":{"line":82,"column":8},"end":{"line":88,"column":null}}]},"1":{"loc":{"start":{"line":83,"column":10},"end":{"line":83,"column":null}},"type":"binary-expr","locations":[{"start":{"line":83,"column":10},"end":{"line":83,"column":null}},{"start":{"line":84,"column":10},"end":{"line":84,"column":null}}]},"2":{"loc":{"start":{"line":91,"column":6},"end":{"line":96,"column":null}},"type":"if","locations":[{"start":{"line":91,"column":6},"end":{"line":96,"column":null}},{"start":{"line":91,"column":6},"end":{"line":96,"column":null}}]}},"s":{"0":1,"1":1,"2":1,"3":0,"4":0,"5":0,"6":0,"7":0,"8":0,"9":0,"10":0,"11":0,"12":0,"13":0,"14":0,"15":0,"16":0,"17":0,"18":0,"19":0,"20":0,"21":0,"22":0,"23":0},"f":{"0":0,"1":0},"b":{"0":[0,0],"1":[0,0],"2":[0,0]}}
}
