{"C:\\Users\\s541903\\OneDrive\\Documents\\Featured-Location\\ui\\babel.config.js": {"path":"C:\\Users\\s541903\\OneDrive\\Documents\\Featured-Location\\ui\\babel.config.js","statementMap":{"0":{"start":{"line":1,"column":0},"end":{"line":3,"column":2}}},"fnMap":{},"branchMap":{},"s":{"0":0},"f":{},"b":{},"hash":"6dbcec712a124f95baa2c66aadc5547cb040197d"}
,"C:\\Users\\s541903\\OneDrive\\Documents\\Featured-Location\\ui\\jest.config.js": {"path":"C:\\Users\\s541903\\OneDrive\\Documents\\Featured-Location\\ui\\jest.config.js","statementMap":{"0":{"start":{"line":1,"column":0},"end":{"line":9,"column":2}}},"fnMap":{},"branchMap":{},"s":{"0":0},"f":{},"b":{},"hash":"d0e2c7038841e5a3734c4c9ea1a65dc2ee449ebd"}
,"C:\\Users\\s541903\\OneDrive\\Documents\\Featured-Location\\ui\\vue.config.js": {"path":"C:\\Users\\s541903\\OneDrive\\Documents\\Featured-Location\\ui\\vue.config.js","statementMap":{"0":{"start":{"line":1,"column":13},"end":{"line":1,"column":28}},"1":{"start":{"line":3,"column":0},"end":{"line":12,"column":2}}},"fnMap":{},"branchMap":{},"s":{"0":0,"1":0},"f":{},"b":{},"hash":"2342b722f698f1cbe3607f6684d3cc1ddb386098"}
,"C:\\Users\\s541903\\OneDrive\\Documents\\Featured-Location\\ui\\vuese.config.js": {"path":"C:\\Users\\s541903\\OneDrive\\Documents\\Featured-Location\\ui\\vuese.config.js","statementMap":{"0":{"start":{"line":1,"column":0},"end":{"line":3,"column":2}}},"fnMap":{},"branchMap":{},"s":{"0":0},"f":{},"b":{},"hash":"2da69de7a0e1d64bfc8d449760fce13002349e9d"}
,"C:\\Users\\s541903\\OneDrive\\Documents\\Featured-Location\\ui\\src\\App.vue": {"path":"C:\\Users\\s541903\\OneDrive\\Documents\\Featured-Location\\ui\\src\\App.vue","statementMap":{"0":{"start":{"line":10,"column":0},"end":{"line":10,"column":null}},"1":{"start":{"line":11,"column":0},"end":{"line":11,"column":null}},"2":{"start":{"line":12,"column":15},"end":{"line":12,"column":null}}},"fnMap":{},"branchMap":{},"s":{"0":0,"1":0,"2":0},"f":{},"b":{}}
,"C:\\Users\\s541903\\OneDrive\\Documents\\Featured-Location\\ui\\src\\LocationService.js": {"path":"C:\\Users\\s541903\\OneDrive\\Documents\\Featured-Location\\ui\\src\\LocationService.js","statementMap":{"0":{"start":{"line":4,"column":12},"end":{"line":4,"column":27}},"1":{"start":{"line":8,"column":16},"end":{"line":10,"column":6}},"2":{"start":{"line":9,"column":6},"end":{"line":9,"column":48}},"3":{"start":{"line":9,"column":23},"end":{"line":9,"column":46}},"4":{"start":{"line":12,"column":17},"end":{"line":12,"column":26}},"5":{"start":{"line":14,"column":4},"end":{"line":14,"column":22}},"6":{"start":{"line":16,"column":4},"end":{"line":16,"column":16}},"7":{"start":{"line":20,"column":4},"end":{"line":20,"column":30}},"8":{"start":{"line":24,"column":4},"end":{"line":24,"column":29}},"9":{"start":{"line":28,"column":4},"end":{"line":28,"column":50}},"10":{"start":{"line":32,"column":4},"end":{"line":32,"column":38}}},"fnMap":{"0":{"name":"(anonymous_0)","decl":{"start":{"line":7,"column":2},"end":{"line":7,"column":3}},"loc":{"start":{"line":7,"column":30},"end":{"line":17,"column":3}},"line":7},"1":{"name":"(anonymous_1)","decl":{"start":{"line":8,"column":28},"end":{"line":8,"column":29}},"loc":{"start":{"line":8,"column":41},"end":{"line":10,"column":5}},"line":8},"2":{"name":"(anonymous_2)","decl":{"start":{"line":9,"column":17},"end":{"line":9,"column":18}},"loc":{"start":{"line":9,"column":23},"end":{"line":9,"column":46}},"line":9},"3":{"name":"(anonymous_3)","decl":{"start":{"line":19,"column":2},"end":{"line":19,"column":3}},"loc":{"start":{"line":19,"column":38},"end":{"line":21,"column":3}},"line":19},"4":{"name":"(anonymous_4)","decl":{"start":{"line":23,"column":2},"end":{"line":23,"column":3}},"loc":{"start":{"line":23,"column":37},"end":{"line":25,"column":3}},"line":23},"5":{"name":"(anonymous_5)","decl":{"start":{"line":27,"column":2},"end":{"line":27,"column":3}},"loc":{"start":{"line":27,"column":39},"end":{"line":29,"column":3}},"line":27},"6":{"name":"(anonymous_6)","decl":{"start":{"line":31,"column":2},"end":{"line":31,"column":3}},"loc":{"start":{"line":31,"column":45},"end":{"line":33,"column":3}},"line":31}},"branchMap":{},"s":{"0":4,"1":0,"2":0,"3":0,"4":0,"5":0,"6":0,"7":0,"8":0,"9":0,"10":0},"f":{"0":0,"1":0,"2":0,"3":0,"4":0,"5":0,"6":0},"b":{},"_coverageSchema":"43e27e138ebf9cfc5966b082cf9a028302ed4184","hash":"8b82aec955d069a84631a67bff37a01645f0dd51"}
,"C:\\Users\\s541903\\OneDrive\\Documents\\Featured-Location\\ui\\src\\UserService.js": {"path":"C:\\Users\\s541903\\OneDrive\\Documents\\Featured-Location\\ui\\src\\UserService.js","statementMap":{"0":{"start":{"line":4,"column":12},"end":{"line":4,"column":23}},"1":{"start":{"line":8,"column":16},"end":{"line":10,"column":6}},"2":{"start":{"line":9,"column":6},"end":{"line":9,"column":48}},"3":{"start":{"line":9,"column":23},"end":{"line":9,"column":46}},"4":{"start":{"line":12,"column":17},"end":{"line":12,"column":26}},"5":{"start":{"line":14,"column":4},"end":{"line":14,"column":22}},"6":{"start":{"line":16,"column":4},"end":{"line":16,"column":16}},"7":{"start":{"line":20,"column":4},"end":{"line":24,"column":7}}},"fnMap":{"0":{"name":"(anonymous_0)","decl":{"start":{"line":7,"column":2},"end":{"line":7,"column":3}},"loc":{"start":{"line":7,"column":26},"end":{"line":17,"column":3}},"line":7},"1":{"name":"(anonymous_1)","decl":{"start":{"line":8,"column":28},"end":{"line":8,"column":29}},"loc":{"start":{"line":8,"column":41},"end":{"line":10,"column":5}},"line":8},"2":{"name":"(anonymous_2)","decl":{"start":{"line":9,"column":17},"end":{"line":9,"column":18}},"loc":{"start":{"line":9,"column":23},"end":{"line":9,"column":46}},"line":9},"3":{"name":"(anonymous_3)","decl":{"start":{"line":19,"column":2},"end":{"line":19,"column":3}},"loc":{"start":{"line":19,"column":51},"end":{"line":25,"column":3}},"line":19}},"branchMap":{},"s":{"0":3,"1":0,"2":0,"3":0,"4":0,"5":0,"6":0,"7":0},"f":{"0":0,"1":0,"2":0,"3":0},"b":{},"_coverageSchema":"43e27e138ebf9cfc5966b082cf9a028302ed4184","hash":"b42c8615c6beda72300a68852344b5fd4b9d9427"}
,"C:\\Users\\s541903\\OneDrive\\Documents\\Featured-Location\\ui\\src\\main.js": {"path":"C:\\Users\\s541903\\OneDrive\\Documents\\Featured-Location\\ui\\src\\main.js","statementMap":{"0":{"start":{"line":7,"column":12},"end":{"line":7,"column":26}},"1":{"start":{"line":9,"column":0},"end":{"line":12,"column":3}},"2":{"start":{"line":14,"column":0},"end":{"line":14,"column":30}}},"fnMap":{},"branchMap":{},"s":{"0":0,"1":0,"2":0},"f":{},"b":{},"hash":"d883a0e539b65ceb83a67be57415ddfa739bf0bb"}
,"C:\\Users\\s541903\\OneDrive\\Documents\\Featured-Location\\ui\\src\\auth\\authGuard.js": {"path":"C:\\Users\\s541903\\OneDrive\\Documents\\Featured-Location\\ui\\src\\auth\\authGuard.js","statementMap":{"0":{"start":{"line":2,"column":2},"end":{"line":2,"column":35}},"1":{"start":{"line":3,"column":22},"end":{"line":3,"column":39}},"2":{"start":{"line":6,"column":2},"end":{"line":8,"column":3}},"3":{"start":{"line":7,"column":4},"end":{"line":7,"column":18}},"4":{"start":{"line":11,"column":2},"end":{"line":11,"column":33}}},"fnMap":{"0":{"name":"(anonymous_0)","decl":{"start":{"line":1,"column":27},"end":{"line":1,"column":28}},"loc":{"start":{"line":1,"column":53},"end":{"line":12,"column":1}},"line":1}},"branchMap":{"0":{"loc":{"start":{"line":6,"column":2},"end":{"line":8,"column":3}},"type":"if","locations":[{"start":{"line":6,"column":2},"end":{"line":8,"column":3}},{"start":{"line":6,"column":2},"end":{"line":8,"column":3}}],"line":6}},"s":{"0":0,"1":0,"2":0,"3":0,"4":0},"f":{"0":0},"b":{"0":[0,0]},"hash":"55560397d755e540b88cd902deb03ccfb434ae54"}
,"C:\\Users\\s541903\\OneDrive\\Documents\\Featured-Location\\ui\\src\\components\\Header.vue": {"path":"C:\\Users\\s541903\\OneDrive\\Documents\\Featured-Location\\ui\\src\\components\\Header.vue","statementMap":{"0":{"start":{"line":181,"column":0},"end":{"line":181,"column":null}},"1":{"start":{"line":182,"column":0},"end":{"line":182,"column":null}},"2":{"start":{"line":183,"column":15},"end":{"line":183,"column":null}},"3":{"start":{"line":186,"column":4},"end":{"line":186,"column":11}},"4":{"start":{"line":200,"column":4},"end":{"line":200,"column":9}},"5":{"start":{"line":202,"column":4},"end":{"line":202,"column":9}},"6":{"start":{"line":204,"column":4},"end":{"line":208,"column":null}},"7":{"start":{"line":205,"column":6},"end":{"line":205,"column":11}},"8":{"start":{"line":207,"column":6},"end":{"line":207,"column":11}},"9":{"start":{"line":210,"column":4},"end":{"line":210,"column":9}},"10":{"start":{"line":212,"column":4},"end":{"line":212,"column":11}},"11":{"start":{"line":213,"column":4},"end":{"line":213,"column":11}},"12":{"start":{"line":214,"column":4},"end":{"line":214,"column":11}},"13":{"start":{"line":228,"column":6},"end":{"line":232,"column":null}},"14":{"start":{"line":229,"column":8},"end":{"line":229,"column":14}},"15":{"start":{"line":231,"column":8},"end":{"line":231,"column":14}},"16":{"start":{"line":234,"column":6},"end":{"line":234,"column":11}},"17":{"start":{"line":236,"column":6},"end":{"line":236,"column":13}},"18":{"start":{"line":238,"column":6},"end":{"line":242,"column":null}},"19":{"start":{"line":239,"column":8},"end":{"line":239,"column":13}},"20":{"start":{"line":241,"column":8},"end":{"line":241,"column":13}},"21":{"start":{"line":250,"column":6},"end":{"line":250,"column":12}},"22":{"start":{"line":252,"column":6},"end":{"line":252,"column":11}},"23":{"start":{"line":254,"column":6},"end":{"line":258,"column":null}},"24":{"start":{"line":255,"column":8},"end":{"line":255,"column":13}},"25":{"start":{"line":257,"column":8},"end":{"line":257,"column":13}},"26":{"start":{"line":266,"column":6},"end":{"line":276,"column":null}},"27":{"start":{"line":267,"column":32},"end":{"line":267,"column":42}},"28":{"start":{"line":270,"column":8},"end":{"line":270,"column":14}},"29":{"start":{"line":271,"column":8},"end":{"line":271,"column":22}},"30":{"start":{"line":272,"column":8},"end":{"line":272,"column":14}},"31":{"start":{"line":273,"column":8},"end":{"line":273,"column":15}},"32":{"start":{"line":275,"column":8},"end":{"line":275,"column":14}},"33":{"start":{"line":284,"column":6},"end":{"line":288,"column":null}},"34":{"start":{"line":285,"column":8},"end":{"line":285,"column":14}},"35":{"start":{"line":287,"column":8},"end":{"line":287,"column":14}}},"fnMap":{"0":{"name":"(anonymous_0)","decl":{"start":{"line":185,"column":2},"end":{"line":185,"column":6}},"loc":{"start":{"line":185,"column":9},"end":{"line":193,"column":null}}},"1":{"name":"(anonymous_1)","decl":{"start":{"line":199,"column":2},"end":{"line":199,"column":8}},"loc":{"start":{"line":199,"column":18},"end":{"line":215,"column":null}}},"2":{"name":"(anonymous_2)","decl":{"start":{"line":227,"column":4},"end":{"line":227,"column":10}},"loc":{"start":{"line":227,"column":18},"end":{"line":243,"column":null}}},"3":{"name":"(anonymous_3)","decl":{"start":{"line":249,"column":4},"end":{"line":249,"column":10}},"loc":{"start":{"line":249,"column":19},"end":{"line":259,"column":null}}},"4":{"name":"(anonymous_4)","decl":{"start":{"line":265,"column":4},"end":{"line":265,"column":10}},"loc":{"start":{"line":265,"column":27},"end":{"line":277,"column":null}}},"5":{"name":"(anonymous_5)","decl":{"start":{"line":283,"column":4},"end":{"line":283,"column":10}},"loc":{"start":{"line":283,"column":25},"end":{"line":289,"column":null}}}},"branchMap":{"0":{"loc":{"start":{"line":204,"column":4},"end":{"line":208,"column":null}},"type":"if","locations":[{"start":{"line":204,"column":4},"end":{"line":208,"column":null}},{"start":{"line":204,"column":4},"end":{"line":208,"column":null}}]},"1":{"loc":{"start":{"line":238,"column":6},"end":{"line":242,"column":null}},"type":"if","locations":[{"start":{"line":238,"column":6},"end":{"line":242,"column":null}},{"start":{"line":238,"column":6},"end":{"line":242,"column":null}}]},"2":{"loc":{"start":{"line":254,"column":6},"end":{"line":258,"column":null}},"type":"if","locations":[{"start":{"line":254,"column":6},"end":{"line":258,"column":null}},{"start":{"line":254,"column":6},"end":{"line":258,"column":null}}]},"3":{"loc":{"start":{"line":266,"column":6},"end":{"line":276,"column":null}},"type":"if","locations":[{"start":{"line":266,"column":6},"end":{"line":276,"column":null}},{"start":{"line":266,"column":6},"end":{"line":276,"column":null}}]},"4":{"loc":{"start":{"line":284,"column":6},"end":{"line":288,"column":null}},"type":"if","locations":[{"start":{"line":284,"column":6},"end":{"line":288,"column":null}},{"start":{"line":284,"column":6},"end":{"line":288,"column":null}}]}},"s":{"0":0,"1":0,"2":0,"3":0,"4":0,"5":0,"6":0,"7":0,"8":0,"9":0,"10":0,"11":0,"12":0,"13":0,"14":0,"15":0,"16":0,"17":0,"18":0,"19":0,"20":0,"21":0,"22":0,"23":0,"24":0,"25":0,"26":0,"27":0,"28":0,"29":0,"30":0,"31":0,"32":0,"33":0,"34":0,"35":0},"f":{"0":0,"1":0,"2":0,"3":0,"4":0,"5":0},"b":{"0":[0,0],"1":[0,0],"2":[0,0],"3":[0,0],"4":[0,0]}}
,"C:\\Users\\s541903\\OneDrive\\Documents\\Featured-Location\\ui\\src\\components\\SingleList.vue": {"path":"C:\\Users\\s541903\\OneDrive\\Documents\\Featured-Location\\ui\\src\\components\\SingleList.vue","statementMap":{"0":{"start":{"line":12,"column":15},"end":{"line":12,"column":null}}},"fnMap":{},"branchMap":{},"s":{"0":3},"f":{},"b":{}}
,"C:\\Users\\s541903\\OneDrive\\Documents\\Featured-Location\\ui\\src\\router\\index.js": {"path":"C:\\Users\\s541903\\OneDrive\\Documents\\Featured-Location\\ui\\src\\router\\index.js","statementMap":{"0":{"start":{"line":9,"column":15},"end":{"line":40,"column":1}},"1":{"start":{"line":41,"column":15},"end":{"line":44,"column":2}}},"fnMap":{},"branchMap":{},"s":{"0":3,"1":3},"f":{},"b":{},"_coverageSchema":"43e27e138ebf9cfc5966b082cf9a028302ed4184","hash":"4899e5bafdb1a68e0164f0d9525afdf20734ced9"}
,"C:\\Users\\s541903\\OneDrive\\Documents\\Featured-Location\\ui\\src\\views\\AddLocation.vue": {"path":"C:\\Users\\s541903\\OneDrive\\Documents\\Featured-Location\\ui\\src\\views\\AddLocation.vue","statementMap":{"0":{"start":{"line":78,"column":0},"end":{"line":78,"column":null}},"1":{"start":{"line":79,"column":0},"end":{"line":79,"column":null}},"2":{"start":{"line":81,"column":15},"end":{"line":81,"column":null}},"3":{"start":{"line":84,"column":4},"end":{"line":84,"column":11}},"4":{"start":{"line":97,"column":6},"end":{"line":97,"column":12}},"5":{"start":{"line":98,"column":6},"end":{"line":98,"column":12}},"6":{"start":{"line":99,"column":6},"end":{"line":99,"column":12}}},"fnMap":{"0":{"name":"(anonymous_0)","decl":{"start":{"line":83,"column":2},"end":{"line":83,"column":6}},"loc":{"start":{"line":83,"column":9},"end":{"line":90,"column":null}}},"1":{"name":"(anonymous_1)","decl":{"start":{"line":96,"column":4},"end":{"line":96,"column":10}},"loc":{"start":{"line":96,"column":19},"end":{"line":100,"column":null}}}},"branchMap":{},"s":{"0":3,"1":3,"2":3,"3":1,"4":0,"5":0,"6":0},"f":{"0":1,"1":0},"b":{}}
,"C:\\Users\\s541903\\OneDrive\\Documents\\Featured-Location\\ui\\src\\views\\AllLocations.vue": {"path":"C:\\Users\\s541903\\OneDrive\\Documents\\Featured-Location\\ui\\src\\views\\AllLocations.vue","statementMap":{"0":{"start":{"line":10,"column":0},"end":{"line":10,"column":null}},"1":{"start":{"line":11,"column":0},"end":{"line":11,"column":null}},"2":{"start":{"line":12,"column":0},"end":{"line":12,"column":null}},"3":{"start":{"line":13,"column":0},"end":{"line":13,"column":null}},"4":{"start":{"line":14,"column":15},"end":{"line":14,"column":null}},"5":{"start":{"line":18,"column":4},"end":{"line":18,"column":11}},"6":{"start":{"line":28,"column":17},"end":{"line":28,"column":null}},"7":{"start":{"line":29,"column":4},"end":{"line":35,"column":null}},"8":{"start":{"line":30,"column":6},"end":{"line":30,"column":12}},"9":{"start":{"line":31,"column":6},"end":{"line":31,"column":12}},"10":{"start":{"line":32,"column":6},"end":{"line":32,"column":13}},"11":{"start":{"line":34,"column":6},"end":{"line":34,"column":13}},"12":{"start":{"line":37,"column":4},"end":{"line":40,"column":null}},"13":{"start":{"line":37,"column":17},"end":{"line":37,"column":20}},"14":{"start":{"line":38,"column":6},"end":{"line":38,"column":11}},"15":{"start":{"line":39,"column":6},"end":{"line":39,"column":13}},"16":{"start":{"line":44,"column":4},"end":{"line":44,"column":9}},"17":{"start":{"line":53,"column":6},"end":{"line":53,"column":20}},"18":{"start":{"line":54,"column":6},"end":{"line":54,"column":12}}},"fnMap":{"0":{"name":"(anonymous_0)","decl":{"start":{"line":17,"column":2},"end":{"line":17,"column":6}},"loc":{"start":{"line":17,"column":9},"end":{"line":21,"column":null}}},"1":{"name":"(anonymous_1)","decl":{"start":{"line":27,"column":2},"end":{"line":27,"column":8}},"loc":{"start":{"line":27,"column":18},"end":{"line":41,"column":null}}},"2":{"name":"(anonymous_2)","decl":{"start":{"line":43,"column":2},"end":{"line":43,"column":8}},"loc":{"start":{"line":43,"column":22},"end":{"line":45,"column":null}}},"3":{"name":"(anonymous_3)","decl":{"start":{"line":52,"column":4},"end":{"line":52,"column":10}},"loc":{"start":{"line":52,"column":29},"end":{"line":55,"column":null}}}},"branchMap":{},"s":{"0":3,"1":3,"2":3,"3":3,"4":3,"5":1,"6":0,"7":0,"8":0,"9":0,"10":0,"11":0,"12":0,"13":0,"14":0,"15":0,"16":0,"17":0,"18":0},"f":{"0":1,"1":0,"2":0,"3":0},"b":{}}
,"C:\\Users\\s541903\\OneDrive\\Documents\\Featured-Location\\ui\\src\\views\\EditLocation.vue": {"path":"C:\\Users\\s541903\\OneDrive\\Documents\\Featured-Location\\ui\\src\\views\\EditLocation.vue","statementMap":{"0":{"start":{"line":72,"column":0},"end":{"line":72,"column":null}},"1":{"start":{"line":73,"column":0},"end":{"line":73,"column":null}},"2":{"start":{"line":75,"column":15},"end":{"line":75,"column":null}},"3":{"start":{"line":78,"column":4},"end":{"line":78,"column":11}},"4":{"start":{"line":89,"column":4},"end":{"line":89,"column":9}},"5":{"start":{"line":92,"column":4},"end":{"line":92,"column":9}},"6":{"start":{"line":93,"column":4},"end":{"line":93,"column":9}},"7":{"start":{"line":94,"column":4},"end":{"line":94,"column":9}},"8":{"start":{"line":95,"column":4},"end":{"line":95,"column":9}},"9":{"start":{"line":96,"column":4},"end":{"line":96,"column":9}},"10":{"start":{"line":97,"column":4},"end":{"line":97,"column":9}},"11":{"start":{"line":105,"column":18},"end":{"line":105,"column":22}},"12":{"start":{"line":106,"column":6},"end":{"line":106,"column":11}},"13":{"start":{"line":107,"column":6},"end":{"line":107,"column":11}},"14":{"start":{"line":108,"column":6},"end":{"line":108,"column":12}},"15":{"start":{"line":109,"column":6},"end":{"line":109,"column":12}},"16":{"start":{"line":110,"column":6},"end":{"line":110,"column":12}}},"fnMap":{"0":{"name":"(anonymous_0)","decl":{"start":{"line":77,"column":2},"end":{"line":77,"column":6}},"loc":{"start":{"line":77,"column":9},"end":{"line":87,"column":null}}},"1":{"name":"(anonymous_1)","decl":{"start":{"line":88,"column":2},"end":{"line":88,"column":8}},"loc":{"start":{"line":88,"column":18},"end":{"line":98,"column":null}}},"2":{"name":"(anonymous_2)","decl":{"start":{"line":104,"column":4},"end":{"line":104,"column":10}},"loc":{"start":{"line":104,"column":19},"end":{"line":111,"column":null}}}},"branchMap":{},"s":{"0":3,"1":3,"2":3,"3":1,"4":0,"5":0,"6":0,"7":0,"8":0,"9":0,"10":0,"11":0,"12":0,"13":0,"14":0,"15":0,"16":0},"f":{"0":1,"1":0,"2":0},"b":{}}
,"C:\\Users\\s541903\\OneDrive\\Documents\\Featured-Location\\ui\\src\\views\\LocationCard.vue": {"path":"C:\\Users\\s541903\\OneDrive\\Documents\\Featured-Location\\ui\\src\\views\\LocationCard.vue","statementMap":{"0":{"start":{"line":41,"column":0},"end":{"line":41,"column":null}},"1":{"start":{"line":43,"column":15},"end":{"line":43,"column":null}},"2":{"start":{"line":46,"column":4},"end":{"line":46,"column":11}},"3":{"start":{"line":58,"column":5},"end":{"line":null,"column":-1}},"4":{"start":{"line":65,"column":4},"end":{"line":65,"column":9}},"5":{"start":{"line":68,"column":4},"end":{"line":90,"column":null}},"6":{"start":{"line":69,"column":19},"end":{"line":69,"column":null}},"7":{"start":{"line":70,"column":6},"end":{"line":76,"column":null}},"8":{"start":{"line":71,"column":8},"end":{"line":71,"column":14}},"9":{"start":{"line":72,"column":8},"end":{"line":72,"column":14}},"10":{"start":{"line":73,"column":8},"end":{"line":73,"column":15}},"11":{"start":{"line":75,"column":8},"end":{"line":75,"column":15}},"12":{"start":{"line":78,"column":6},"end":{"line":80,"column":null}},"13":{"start":{"line":78,"column":19},"end":{"line":78,"column":22}},"14":{"start":{"line":79,"column":8},"end":{"line":79,"column":13}},"15":{"start":{"line":82,"column":21},"end":{"line":82,"column":25}},"16":{"start":{"line":83,"column":6},"end":{"line":83,"column":11}},"17":{"start":{"line":84,"column":6},"end":{"line":84,"column":20}},"18":{"start":{"line":88,"column":6},"end":{"line":88,"column":13}},"19":{"start":{"line":89,"column":6},"end":{"line":89,"column":11}},"20":{"start":{"line":94,"column":4},"end":{"line":94,"column":9}},"21":{"start":{"line":103,"column":6},"end":{"line":103,"column":11}},"22":{"start":{"line":104,"column":6},"end":{"line":104,"column":12}}},"fnMap":{"0":{"name":"(anonymous_0)","decl":{"start":{"line":45,"column":2},"end":{"line":45,"column":6}},"loc":{"start":{"line":45,"column":9},"end":{"line":59,"column":null}}},"1":{"name":"(anonymous_1)","decl":{"start":{"line":64,"column":2},"end":{"line":64,"column":8}},"loc":{"start":{"line":64,"column":18},"end":{"line":91,"column":null}}},"2":{"name":"(anonymous_2)","decl":{"start":{"line":93,"column":2},"end":{"line":93,"column":8}},"loc":{"start":{"line":93,"column":22},"end":{"line":95,"column":null}}},"3":{"name":"(anonymous_3)","decl":{"start":{"line":102,"column":4},"end":{"line":102,"column":10}},"loc":{"start":{"line":102,"column":23},"end":{"line":105,"column":null}}}},"branchMap":{"0":{"loc":{"start":{"line":68,"column":4},"end":{"line":90,"column":null}},"type":"if","locations":[{"start":{"line":68,"column":4},"end":{"line":90,"column":null}},{"start":{"line":68,"column":4},"end":{"line":90,"column":null}}]}},"s":{"0":4,"1":4,"2":1,"3":0,"4":0,"5":0,"6":0,"7":0,"8":0,"9":0,"10":0,"11":0,"12":0,"13":0,"14":0,"15":0,"16":0,"17":0,"18":0,"19":0,"20":0,"21":0,"22":0},"f":{"0":1,"1":0,"2":0,"3":0},"b":{"0":[0,0]}}
,"C:\\Users\\s541903\\OneDrive\\Documents\\Featured-Location\\ui\\src\\views\\Login.vue": {"path":"C:\\Users\\s541903\\OneDrive\\Documents\\Featured-Location\\ui\\src\\views\\Login.vue","statementMap":{"0":{"start":{"line":42,"column":0},"end":{"line":42,"column":null}},"1":{"start":{"line":43,"column":0},"end":{"line":43,"column":null}},"2":{"start":{"line":45,"column":15},"end":{"line":45,"column":null}},"3":{"start":{"line":48,"column":4},"end":{"line":48,"column":11}},"4":{"start":{"line":59,"column":6},"end":{"line":59,"column":13}},"5":{"start":{"line":60,"column":18},"end":{"line":60,"column":null}},"6":{"start":{"line":61,"column":18},"end":{"line":61,"column":null}},"7":{"start":{"line":63,"column":6},"end":{"line":69,"column":null}},"8":{"start":{"line":64,"column":8},"end":{"line":64,"column":13}},"9":{"start":{"line":65,"column":8},"end":{"line":65,"column":13}},"10":{"start":{"line":66,"column":8},"end":{"line":66,"column":15}},"11":{"start":{"line":68,"column":8},"end":{"line":68,"column":14}},"12":{"start":{"line":71,"column":6},"end":{"line":79,"column":null}},"13":{"start":{"line":71,"column":19},"end":{"line":71,"column":22}},"14":{"start":{"line":72,"column":8},"end":{"line":78,"column":null}},"15":{"start":{"line":76,"column":10},"end":{"line":76,"column":15}},"16":{"start":{"line":77,"column":10},"end":{"line":77,"column":null}},"17":{"start":{"line":81,"column":6},"end":{"line":84,"column":null}},"18":{"start":{"line":81,"column":18},"end":{"line":81,"column":24}},"19":{"start":{"line":83,"column":8},"end":{"line":83,"column":15}}},"fnMap":{"0":{"name":"(anonymous_0)","decl":{"start":{"line":47,"column":2},"end":{"line":47,"column":6}},"loc":{"start":{"line":47,"column":9},"end":{"line":52,"column":null}}},"1":{"name":"(anonymous_1)","decl":{"start":{"line":58,"column":4},"end":{"line":58,"column":10}},"loc":{"start":{"line":58,"column":19},"end":{"line":85,"column":null}}}},"branchMap":{"0":{"loc":{"start":{"line":72,"column":8},"end":{"line":78,"column":null}},"type":"if","locations":[{"start":{"line":72,"column":8},"end":{"line":78,"column":null}},{"start":{"line":72,"column":8},"end":{"line":78,"column":null}}]},"1":{"loc":{"start":{"line":73,"column":10},"end":{"line":73,"column":null}},"type":"binary-expr","locations":[{"start":{"line":73,"column":10},"end":{"line":73,"column":null}},{"start":{"line":74,"column":10},"end":{"line":74,"column":null}}]},"2":{"loc":{"start":{"line":81,"column":6},"end":{"line":84,"column":null}},"type":"if","locations":[{"start":{"line":81,"column":6},"end":{"line":84,"column":null}},{"start":{"line":81,"column":6},"end":{"line":84,"column":null}}]}},"s":{"0":3,"1":3,"2":3,"3":0,"4":0,"5":0,"6":0,"7":0,"8":0,"9":0,"10":0,"11":0,"12":0,"13":0,"14":0,"15":0,"16":0,"17":0,"18":0,"19":0},"f":{"0":0,"1":0},"b":{"0":[0,0],"1":[0,0],"2":[0,0]}}
,"C:\\Users\\s541903\\OneDrive\\Documents\\Featured-Location\\ui\\src\\views\\SignUp.vue": {"path":"C:\\Users\\s541903\\OneDrive\\Documents\\Featured-Location\\ui\\src\\views\\SignUp.vue","statementMap":{"0":{"start":{"line":52,"column":0},"end":{"line":52,"column":null}},"1":{"start":{"line":53,"column":0},"end":{"line":53,"column":null}},"2":{"start":{"line":55,"column":15},"end":{"line":55,"column":null}},"3":{"start":{"line":58,"column":4},"end":{"line":58,"column":11}},"4":{"start":{"line":70,"column":6},"end":{"line":70,"column":13}},"5":{"start":{"line":71,"column":18},"end":{"line":71,"column":null}},"6":{"start":{"line":72,"column":22},"end":{"line":72,"column":null}},"7":{"start":{"line":74,"column":6},"end":{"line":80,"column":null}},"8":{"start":{"line":75,"column":8},"end":{"line":75,"column":13}},"9":{"start":{"line":76,"column":8},"end":{"line":76,"column":13}},"10":{"start":{"line":77,"column":8},"end":{"line":77,"column":15}},"11":{"start":{"line":79,"column":8},"end":{"line":79,"column":14}},"12":{"start":{"line":82,"column":6},"end":{"line":82,"column":13}},"13":{"start":{"line":84,"column":6},"end":{"line":93,"column":null}},"14":{"start":{"line":84,"column":19},"end":{"line":84,"column":22}},"15":{"start":{"line":85,"column":8},"end":{"line":85,"column":15}},"16":{"start":{"line":86,"column":8},"end":{"line":92,"column":null}},"17":{"start":{"line":90,"column":10},"end":{"line":90,"column":19}},"18":{"start":{"line":91,"column":10},"end":{"line":91,"column":null}},"19":{"start":{"line":95,"column":6},"end":{"line":100,"column":null}},"20":{"start":{"line":95,"column":21},"end":{"line":95,"column":27}},"21":{"start":{"line":97,"column":8},"end":{"line":97,"column":14}},"22":{"start":{"line":98,"column":8},"end":{"line":98,"column":14}},"23":{"start":{"line":99,"column":8},"end":{"line":99,"column":15}}},"fnMap":{"0":{"name":"(anonymous_0)","decl":{"start":{"line":57,"column":2},"end":{"line":57,"column":6}},"loc":{"start":{"line":57,"column":9},"end":{"line":63,"column":null}}},"1":{"name":"(anonymous_1)","decl":{"start":{"line":69,"column":4},"end":{"line":69,"column":10}},"loc":{"start":{"line":69,"column":19},"end":{"line":101,"column":null}}}},"branchMap":{"0":{"loc":{"start":{"line":86,"column":8},"end":{"line":92,"column":null}},"type":"if","locations":[{"start":{"line":86,"column":8},"end":{"line":92,"column":null}},{"start":{"line":86,"column":8},"end":{"line":92,"column":null}}]},"1":{"loc":{"start":{"line":87,"column":10},"end":{"line":87,"column":null}},"type":"binary-expr","locations":[{"start":{"line":87,"column":10},"end":{"line":87,"column":null}},{"start":{"line":88,"column":10},"end":{"line":88,"column":null}}]},"2":{"loc":{"start":{"line":95,"column":6},"end":{"line":100,"column":null}},"type":"if","locations":[{"start":{"line":95,"column":6},"end":{"line":100,"column":null}},{"start":{"line":95,"column":6},"end":{"line":100,"column":null}}]}},"s":{"0":3,"1":3,"2":3,"3":0,"4":0,"5":0,"6":0,"7":0,"8":0,"9":0,"10":0,"11":0,"12":0,"13":0,"14":0,"15":0,"16":0,"17":0,"18":0,"19":0,"20":0,"21":0,"22":0,"23":0},"f":{"0":0,"1":0},"b":{"0":[0,0],"1":[0,0],"2":[0,0]}}
}
