TN:
SF:C:\Users\s541903\OneDrive\Documents\Featured-Location\ui\babel.config.js
FNF:0
FNH:0
DA:1,0
LF:1
LH:0
BRF:0
BRH:0
end_of_record
TN:
SF:C:\Users\s541903\OneDrive\Documents\Featured-Location\ui\jest.config.js
FNF:0
FNH:0
DA:1,0
LF:1
LH:0
BRF:0
BRH:0
end_of_record
TN:
SF:C:\Users\s541903\OneDrive\Documents\Featured-Location\ui\vue.config.js
FNF:0
FNH:0
DA:1,0
DA:3,0
LF:2
LH:0
BRF:0
BRH:0
end_of_record
TN:
SF:C:\Users\s541903\OneDrive\Documents\Featured-Location\ui\vuese.config.js
FNF:0
FNH:0
DA:1,0
LF:1
LH:0
BRF:0
BRH:0
end_of_record
TN:
SF:C:\Users\s541903\OneDrive\Documents\Featured-Location\ui\src\App.vue
FNF:0
FNH:0
DA:10,0
DA:11,0
DA:12,0
LF:3
LH:0
BRF:0
BRH:0
end_of_record
TN:
SF:C:\Users\s541903\OneDrive\Documents\Featured-Location\ui\src\LocationService.js
FN:7,(anonymous_0)
FN:8,(anonymous_1)
FN:9,(anonymous_2)
FN:19,(anonymous_3)
FN:23,(anonymous_4)
FN:27,(anonymous_5)
FN:31,(anonymous_6)
FNF:7
FNH:0
FNDA:0,(anonymous_0)
FNDA:0,(anonymous_1)
FNDA:0,(anonymous_2)
FNDA:0,(anonymous_3)
FNDA:0,(anonymous_4)
FNDA:0,(anonymous_5)
FNDA:0,(anonymous_6)
DA:4,4
DA:8,0
DA:9,0
DA:12,0
DA:14,0
DA:16,0
DA:20,0
DA:24,0
DA:28,0
DA:32,0
LF:10
LH:1
BRF:0
BRH:0
end_of_record
TN:
SF:C:\Users\s541903\OneDrive\Documents\Featured-Location\ui\src\UserService.js
FN:7,(anonymous_0)
FN:8,(anonymous_1)
FN:9,(anonymous_2)
FN:19,(anonymous_3)
FNF:4
FNH:0
FNDA:0,(anonymous_0)
FNDA:0,(anonymous_1)
FNDA:0,(anonymous_2)
FNDA:0,(anonymous_3)
DA:4,3
DA:8,0
DA:9,0
DA:12,0
DA:14,0
DA:16,0
DA:20,0
LF:7
LH:1
BRF:0
BRH:0
end_of_record
TN:
SF:C:\Users\s541903\OneDrive\Documents\Featured-Location\ui\src\main.js
FNF:0
FNH:0
DA:7,0
DA:9,0
DA:14,0
LF:3
LH:0
BRF:0
BRH:0
end_of_record
TN:
SF:C:\Users\s541903\OneDrive\Documents\Featured-Location\ui\src\auth\authGuard.js
FN:1,(anonymous_0)
FNF:1
FNH:0
FNDA:0,(anonymous_0)
DA:2,0
DA:3,0
DA:6,0
DA:7,0
DA:11,0
LF:5
LH:0
BRDA:6,0,0,0
BRDA:6,0,1,0
BRF:2
BRH:0
end_of_record
TN:
SF:C:\Users\s541903\OneDrive\Documents\Featured-Location\ui\src\components\Header.vue
FN:185,(anonymous_0)
FN:199,(anonymous_1)
FN:227,(anonymous_2)
FN:249,(anonymous_3)
FN:265,(anonymous_4)
FN:283,(anonymous_5)
FNF:6
FNH:0
FNDA:0,(anonymous_0)
FNDA:0,(anonymous_1)
FNDA:0,(anonymous_2)
FNDA:0,(anonymous_3)
FNDA:0,(anonymous_4)
FNDA:0,(anonymous_5)
DA:181,0
DA:182,0
DA:183,0
DA:186,0
DA:200,0
DA:202,0
DA:204,0
DA:205,0
DA:207,0
DA:210,0
DA:212,0
DA:213,0
DA:214,0
DA:228,0
DA:229,0
DA:231,0
DA:234,0
DA:236,0
DA:238,0
DA:239,0
DA:241,0
DA:250,0
DA:252,0
DA:254,0
DA:255,0
DA:257,0
DA:266,0
DA:267,0
DA:270,0
DA:271,0
DA:272,0
DA:273,0
DA:275,0
DA:284,0
DA:285,0
DA:287,0
LF:36
LH:0
BRDA:204,0,0,0
BRDA:204,0,1,0
BRDA:238,1,0,0
BRDA:238,1,1,0
BRDA:254,2,0,0
BRDA:254,2,1,0
BRDA:266,3,0,0
BRDA:266,3,1,0
BRDA:284,4,0,0
BRDA:284,4,1,0
BRF:10
BRH:0
end_of_record
TN:
SF:C:\Users\s541903\OneDrive\Documents\Featured-Location\ui\src\components\SingleList.vue
FNF:0
FNH:0
DA:12,3
LF:1
LH:1
BRF:0
BRH:0
end_of_record
TN:
SF:C:\Users\s541903\OneDrive\Documents\Featured-Location\ui\src\router\index.js
FNF:0
FNH:0
DA:9,3
DA:41,3
LF:2
LH:2
BRF:0
BRH:0
end_of_record
TN:
SF:C:\Users\s541903\OneDrive\Documents\Featured-Location\ui\src\views\AddLocation.vue
FN:83,(anonymous_0)
FN:96,(anonymous_1)
FNF:2
FNH:1
FNDA:1,(anonymous_0)
FNDA:0,(anonymous_1)
DA:78,3
DA:79,3
DA:81,3
DA:84,1
DA:97,0
DA:98,0
DA:99,0
LF:7
LH:4
BRF:0
BRH:0
end_of_record
TN:
SF:C:\Users\s541903\OneDrive\Documents\Featured-Location\ui\src\views\AllLocations.vue
FN:17,(anonymous_0)
FN:27,(anonymous_1)
FN:43,(anonymous_2)
FN:52,(anonymous_3)
FNF:4
FNH:1
FNDA:1,(anonymous_0)
FNDA:0,(anonymous_1)
FNDA:0,(anonymous_2)
FNDA:0,(anonymous_3)
DA:10,3
DA:11,3
DA:12,3
DA:13,3
DA:14,3
DA:18,1
DA:28,0
DA:29,0
DA:30,0
DA:31,0
DA:32,0
DA:34,0
DA:37,0
DA:38,0
DA:39,0
DA:44,0
DA:53,0
DA:54,0
LF:18
LH:6
BRF:0
BRH:0
end_of_record
TN:
SF:C:\Users\s541903\OneDrive\Documents\Featured-Location\ui\src\views\EditLocation.vue
FN:77,(anonymous_0)
FN:88,(anonymous_1)
FN:104,(anonymous_2)
FNF:3
FNH:1
FNDA:1,(anonymous_0)
FNDA:0,(anonymous_1)
FNDA:0,(anonymous_2)
DA:72,3
DA:73,3
DA:75,3
DA:78,1
DA:89,0
DA:92,0
DA:93,0
DA:94,0
DA:95,0
DA:96,0
DA:97,0
DA:105,0
DA:106,0
DA:107,0
DA:108,0
DA:109,0
DA:110,0
LF:17
LH:4
BRF:0
BRH:0
end_of_record
TN:
SF:C:\Users\s541903\OneDrive\Documents\Featured-Location\ui\src\views\LocationCard.vue
FN:45,(anonymous_0)
FN:64,(anonymous_1)
FN:93,(anonymous_2)
FN:102,(anonymous_3)
FNF:4
FNH:1
FNDA:1,(anonymous_0)
FNDA:0,(anonymous_1)
FNDA:0,(anonymous_2)
FNDA:0,(anonymous_3)
DA:41,4
DA:43,4
DA:46,1
DA:58,0
DA:65,0
DA:68,0
DA:69,0
DA:70,0
DA:71,0
DA:72,0
DA:73,0
DA:75,0
DA:78,0
DA:79,0
DA:82,0
DA:83,0
DA:84,0
DA:88,0
DA:89,0
DA:94,0
DA:103,0
DA:104,0
LF:22
LH:3
BRDA:68,0,0,0
BRDA:68,0,1,0
BRF:2
BRH:0
end_of_record
TN:
SF:C:\Users\s541903\OneDrive\Documents\Featured-Location\ui\src\views\Login.vue
FN:47,(anonymous_0)
FN:58,(anonymous_1)
FNF:2
FNH:0
FNDA:0,(anonymous_0)
FNDA:0,(anonymous_1)
DA:42,3
DA:43,3
DA:45,3
DA:48,0
DA:59,0
DA:60,0
DA:61,0
DA:63,0
DA:64,0
DA:65,0
DA:66,0
DA:68,0
DA:71,0
DA:72,0
DA:76,0
DA:77,0
DA:81,0
DA:83,0
LF:18
LH:3
BRDA:72,0,0,0
BRDA:72,0,1,0
BRDA:73,1,0,0
BRDA:73,1,1,0
BRDA:81,2,0,0
BRDA:81,2,1,0
BRF:6
BRH:0
end_of_record
TN:
SF:C:\Users\s541903\OneDrive\Documents\Featured-Location\ui\src\views\SignUp.vue
FN:57,(anonymous_0)
FN:69,(anonymous_1)
FNF:2
FNH:0
FNDA:0,(anonymous_0)
FNDA:0,(anonymous_1)
DA:52,3
DA:53,3
DA:55,3
DA:58,0
DA:70,0
DA:71,0
DA:72,0
DA:74,0
DA:75,0
DA:76,0
DA:77,0
DA:79,0
DA:82,0
DA:84,0
DA:85,0
DA:86,0
DA:90,0
DA:91,0
DA:95,0
DA:97,0
DA:98,0
DA:99,0
LF:22
LH:3
BRDA:86,0,0,0
BRDA:86,0,1,0
BRDA:87,1,0,0
BRDA:87,1,1,0
BRDA:95,2,0,0
BRDA:95,2,1,0
BRF:6
BRH:0
end_of_record
