TN:
SF:C:\Users\s541903\OneDrive\Documents\Featured-Location\ui\babel.config.js
FNF:0
FNH:0
DA:1,0
LF:1
LH:0
BRF:0
BRH:0
end_of_record
TN:
SF:C:\Users\s541903\OneDrive\Documents\Featured-Location\ui\jest.config.js
FNF:0
FNH:0
DA:1,0
LF:1
LH:0
BRF:0
BRH:0
end_of_record
TN:
SF:C:\Users\s541903\OneDrive\Documents\Featured-Location\ui\vue.config.js
FNF:0
FNH:0
DA:1,0
DA:3,0
LF:2
LH:0
BRF:0
BRH:0
end_of_record
TN:
SF:C:\Users\s541903\OneDrive\Documents\Featured-Location\ui\src\App.vue
FNF:0
FNH:0
DA:10,0
DA:11,0
DA:12,0
LF:3
LH:0
BRF:0
BRH:0
end_of_record
TN:
SF:C:\Users\s541903\OneDrive\Documents\Featured-Location\ui\src\LocationService.js
FN:8,(anonymous_0)
FN:10,(anonymous_1)
FN:11,(anonymous_2)
FN:22,(anonymous_3)
FNF:4
FNH:2
FNDA:1,(anonymous_0)
FNDA:1,(anonymous_1)
FNDA:0,(anonymous_2)
FNDA:0,(anonymous_3)
DA:4,1
DA:10,1
DA:11,1
DA:14,1
DA:16,0
DA:18,0
DA:24,0
LF:7
LH:4
BRF:0
BRH:0
end_of_record
TN:
SF:C:\Users\s541903\OneDrive\Documents\Featured-Location\ui\src\UserService.js
FN:8,(anonymous_0)
FN:10,(anonymous_1)
FN:11,(anonymous_2)
FN:21,(anonymous_3)
FNF:4
FNH:0
FNDA:0,(anonymous_0)
FNDA:0,(anonymous_1)
FNDA:0,(anonymous_2)
FNDA:0,(anonymous_3)
DA:4,1
DA:10,0
DA:11,0
DA:14,0
DA:16,0
DA:18,0
DA:23,0
LF:7
LH:1
BRF:0
BRH:0
end_of_record
TN:
SF:C:\Users\s541903\OneDrive\Documents\Featured-Location\ui\src\main.js
FNF:0
FNH:0
DA:8,0
DA:10,0
DA:16,0
LF:3
LH:0
BRF:0
BRH:0
end_of_record
TN:
SF:C:\Users\s541903\OneDrive\Documents\Featured-Location\ui\src\auth\authGuard.js
FN:1,(anonymous_0)
FNF:1
FNH:0
FNDA:0,(anonymous_0)
DA:2,0
DA:3,0
DA:6,0
DA:7,0
DA:11,0
LF:5
LH:0
BRDA:6,0,0,0
BRDA:6,0,1,0
BRF:2
BRH:0
end_of_record
TN:
SF:C:\Users\s541903\OneDrive\Documents\Featured-Location\ui\src\components\Header.vue
FN:51,(anonymous_0)
FN:59,(anonymous_1)
FN:83,(anonymous_2)
FN:101,(anonymous_3)
FNF:4
FNH:0
FNDA:0,(anonymous_0)
FNDA:0,(anonymous_1)
FNDA:0,(anonymous_2)
FNDA:0,(anonymous_3)
DA:47,0
DA:48,0
DA:49,0
DA:52,0
DA:60,0
DA:62,0
DA:64,0
DA:65,0
DA:67,0
DA:70,0
DA:72,0
DA:73,0
DA:74,0
DA:84,0
DA:85,0
DA:87,0
DA:90,0
DA:92,0
DA:94,0
DA:95,0
DA:97,0
DA:102,0
DA:104,0
DA:106,0
DA:107,0
DA:109,0
LF:26
LH:0
BRDA:64,0,0,0
BRDA:64,0,1,0
BRDA:94,1,0,0
BRDA:94,1,1,0
BRDA:106,2,0,0
BRDA:106,2,1,0
BRF:6
BRH:0
end_of_record
TN:
SF:C:\Users\s541903\OneDrive\Documents\Featured-Location\ui\src\components\SingleList.vue
FNF:0
FNH:0
DA:12,1
LF:1
LH:1
BRF:0
BRH:0
end_of_record
TN:
SF:C:\Users\s541903\OneDrive\Documents\Featured-Location\ui\src\router\index.js
FNF:0
FNH:0
DA:8,1
DA:35,1
LF:2
LH:2
BRF:0
BRH:0
end_of_record
TN:
SF:C:\Users\s541903\OneDrive\Documents\Featured-Location\ui\src\store\store.js
FN:6,(anonymous_0)
FN:13,(anonymous_1)
FN:16,(anonymous_2)
FN:21,(anonymous_3)
FN:24,(anonymous_4)
FNF:5
FNH:0
FNDA:0,(anonymous_0)
FNDA:0,(anonymous_1)
FNDA:0,(anonymous_2)
FNDA:0,(anonymous_3)
FNDA:0,(anonymous_4)
DA:7,0
DA:14,0
DA:17,0
DA:22,0
DA:25,0
LF:5
LH:0
BRDA:25,0,0,0
BRDA:25,0,1,0
BRF:2
BRH:0
end_of_record
TN:
SF:C:\Users\s541903\OneDrive\Documents\Featured-Location\ui\src\views\AddLocation.vue
FN:83,(anonymous_0)
FN:92,(anonymous_1)
FNF:2
FNH:0
FNDA:0,(anonymous_0)
FNDA:0,(anonymous_1)
DA:78,1
DA:79,1
DA:81,1
DA:84,0
DA:93,0
DA:94,0
LF:6
LH:3
BRF:0
BRH:0
end_of_record
TN:
SF:C:\Users\s541903\OneDrive\Documents\Featured-Location\ui\src\views\AllLocations.vue
FN:16,(anonymous_0)
FN:29,(anonymous_1)
FN:46,(anonymous_2)
FNF:3
FNH:2
FNDA:1,(anonymous_0)
FNDA:1,(anonymous_1)
FNDA:0,(anonymous_2)
DA:10,1
DA:11,1
DA:12,1
DA:13,1
DA:17,1
DA:30,1
DA:31,1
DA:32,1
DA:33,0
DA:34,0
DA:36,0
DA:39,0
DA:40,0
DA:41,0
DA:47,0
LF:15
LH:8
BRF:0
BRH:0
end_of_record
TN:
SF:C:\Users\s541903\OneDrive\Documents\Featured-Location\ui\src\views\LocationCard.vue
FN:39,(anonymous_0)
FN:46,(anonymous_1)
FNF:2
FNH:0
FNDA:0,(anonymous_0)
FNDA:0,(anonymous_1)
DA:37,1
DA:40,0
DA:47,0
LF:3
LH:1
BRF:0
BRH:0
end_of_record
TN:
SF:C:\Users\s541903\OneDrive\Documents\Featured-Location\ui\src\views\Login.vue
FN:47,(anonymous_0)
FN:54,(anonymous_1)
FNF:2
FNH:0
FNDA:0,(anonymous_0)
FNDA:0,(anonymous_1)
DA:42,1
DA:43,1
DA:45,1
DA:48,0
DA:55,0
DA:56,0
DA:57,0
DA:59,0
DA:60,0
DA:61,0
DA:62,0
DA:64,0
DA:67,0
DA:68,0
DA:72,0
DA:73,0
DA:77,0
DA:79,0
LF:18
LH:3
BRDA:68,0,0,0
BRDA:68,0,1,0
BRDA:69,1,0,0
BRDA:69,1,1,0
BRDA:77,2,0,0
BRDA:77,2,1,0
BRF:6
BRH:0
end_of_record
TN:
SF:C:\Users\s541903\OneDrive\Documents\Featured-Location\ui\src\views\SignUp.vue
FN:57,(anonymous_0)
FN:65,(anonymous_1)
FNF:2
FNH:0
FNDA:0,(anonymous_0)
FNDA:0,(anonymous_1)
DA:52,1
DA:53,1
DA:55,1
DA:58,0
DA:66,0
DA:67,0
DA:68,0
DA:70,0
DA:71,0
DA:72,0
DA:73,0
DA:75,0
DA:78,0
DA:80,0
DA:81,0
DA:82,0
DA:86,0
DA:87,0
DA:91,0
DA:93,0
DA:94,0
DA:95,0
LF:22
LH:3
BRDA:82,0,0,0
BRDA:82,0,1,0
BRDA:83,1,0,0
BRDA:83,1,1,0
BRDA:91,2,0,0
BRDA:91,2,1,0
BRF:6
BRH:0
end_of_record
